<?xml version="1.0" encoding="UTF-8"?>
<testng-results skipped="0" failed="0" total="1" passed="1">
  <reporter-output>
  </reporter-output>
  <suite name="Suite" duration-ms="6538" started-at="2019-02-18T13:43:29Z" finished-at="2019-02-18T13:43:36Z">
    <groups>
    </groups>
    <test name="Test" duration-ms="6538" started-at="2019-02-18T13:43:29Z" finished-at="2019-02-18T13:43:36Z">
      <class name="SmokeSuite.TC_001_SmokeTest">
        <test-method status="PASS" signature="setUp()[pri:0, instance:SmokeSuite.TC_001_SmokeTest@735b5592]" name="setUp" is-config="true" duration-ms="5818" started-at="2019-02-18T19:13:29Z" finished-at="2019-02-18T19:13:35Z">
          <reporter-output>
          </reporter-output>
        </test-method> <!-- setUp -->
        <test-method status="PASS" signature="smokeTest()[pri:0, instance:SmokeSuite.TC_001_SmokeTest@735b5592]" name="smokeTest" duration-ms="16" started-at="2019-02-18T19:13:35Z" finished-at="2019-02-18T19:13:35Z">
          <reporter-output>
          </reporter-output>
        </test-method> <!-- smokeTest -->
        <test-method status="PASS" signature="quit()[pri:0, instance:SmokeSuite.TC_001_SmokeTest@735b5592]" name="quit" is-config="true" duration-ms="695" started-at="2019-02-18T19:13:35Z" finished-at="2019-02-18T19:13:36Z">
          <reporter-output>
          </reporter-output>
        </test-method> <!-- quit -->
      </class> <!-- SmokeSuite.TC_001_SmokeTest -->
    </test> <!-- Test -->
  </suite> <!-- Suite -->
</testng-results>
